<?xml version="1.0" encoding="UTF-8"?>
<!-- Generated by org.testng.reporters.JUnitReportReporter -->
<testsuite skipped="0" hostname="DESKTOP-F2TV2NG" name="Day10programs.NewTest" tests="1" failures="0" timestamp="02 Feb 2021 13:25:29 GMT" time="5.731" errors="0">
  <testcase name="loginlogout" time="5.731" classname="Day10programs.NewTest"/>
</testsuite> <!-- Day10programs.NewTest -->
