<?xml version="1.0" encoding="UTF-8"?>
<!-- Generated by org.testng.reporters.JUnitReportReporter -->
<testsuite skipped="0" hostname="DESKTOP-F2TV2NG" name="Day10programs.DemoLoginValid" tests="1" failures="0" timestamp="02 Feb 2021 13:28:53 GMT" time="5.691" errors="0">
  <testcase name="loginlogout" time="5.691" classname="Day10programs.DemoLoginValid"/>
</testsuite> <!-- Day10programs.DemoLoginValid -->
